<?xml version="1.0" encoding="UTF-8"?>
<!-- Generated by org.testng.reporters.JUnitReportReporter -->
<testsuite skipped="0" hostname="rajeshwars-MacBook-Pro.local" name="com.amazon.testcases.SignInTestData" tests="2" failures="0" timestamp="2019-03-03T15:02:35 IST" time="82.649" errors="0">
  <testcase name="verifySignIn" time="35.044" classname="com.amazon.testcases.SignInTestData"/>
  <testcase name="verifySignIn" time="47.605" classname="com.amazon.testcases.SignInTestData"/>
</testsuite> <!-- com.amazon.testcases.SignInTestData -->
